Arguments: 
  /Users/ryom/.anyenv/envs/nodenv/versions/14.17.0/bin/node /Users/ryom/.yarn/bin/yarn.js add -ts-node

PATH: 
  /Users/ryom/.anyenv/envs/nodenv/versions/14.17.0/bin:/Users/ryom/.anyenv/envs/nodenv/libexec:/Users/ryom/.anyenv/envs/nodenv/plugins/nodenv-vars/bin:/Users/ryom/.anyenv/envs/nodenv/plugins/node-build/bin:/Users/ryom/.yarn/bin:/Users/ryom/.config/yarn/global/node_modules/.bin:/Users/ryom/opt/anaconda3/bin:/Users/ryom/.nodebrew/current/bin:/Users/ryom/.anyenv/envs/nodenv/shims:/Users/ryom/.anyenv/envs/nodenv/bin:/opt/homebrew/bin:/opt/homebrew/sbin:/opt/homebrew/bin:/opt/homebrew/sbin:/opt/homebrew/bin:/opt/homebrew/sbin:/opt/homebrew/bin:/opt/homebrew/sbin:/usr/local/bin:/usr/bin:/bin:/usr/sbin:/sbin:/Library/Apple/usr/bin:/Users/ryom/dev/flutter/bin

Yarn version: 
  1.22.15

Node version: 
  14.17.0

Platform: 
  darwin x64

Trace: 
  Error: https://registry.yarnpkg.com/-n: Not found
      at Request.params.callback [as _callback] (/Users/ryom/.yarn/lib/cli.js:67031:18)
      at Request.self.callback (/Users/ryom/.yarn/lib/cli.js:140885:22)
      at Request.emit (events.js:376:20)
      at Request.<anonymous> (/Users/ryom/.yarn/lib/cli.js:141857:10)
      at Request.emit (events.js:376:20)
      at IncomingMessage.<anonymous> (/Users/ryom/.yarn/lib/cli.js:141779:12)
      at Object.onceWrapper (events.js:482:28)
      at IncomingMessage.emit (events.js:388:22)
      at endReadableNT (internal/streams/readable.js:1336:12)
      at processTicksAndRejections (internal/process/task_queues.js:82:21)

npm manifest: 
  {
    "name": "get_programming_with_nodejs",
    "version": "1.0.0",
    "main": "index.js",
    "author": "Ryosuke Mizuno",
    "license": "MIT",
    "type": "module",
    "engines": {
      "node": "14.x"
    },
    "devDependencies": {
      "@types/node": "^16.11.4",
      "typescript": "^4.4.4"
    }
  }

yarn manifest: 
  No manifest

Lockfile: 
  # THIS IS AN AUTOGENERATED FILE. DO NOT EDIT THIS FILE DIRECTLY.
  # yarn lockfile v1
  
  
  "@types/node@^16.11.4":
    version "16.11.4"
    resolved "https://registry.yarnpkg.com/@types/node/-/node-16.11.4.tgz#90771124822d6663814f7c1c9b45a6654d8fd964"
    integrity sha512-TMgXmy0v2xWyuCSCJM6NCna2snndD8yvQF67J29ipdzMcsPa9u+o0tjF5+EQNdhcuZplYuouYqpc4zcd5I6amQ==
  
  typescript@^4.4.4:
    version "4.4.4"
    resolved "https://registry.yarnpkg.com/typescript/-/typescript-4.4.4.tgz#2cd01a1a1f160704d3101fd5a58ff0f9fcb8030c"
    integrity sha512-DqGhF5IKoBl8WNf8C1gu8q0xZSInh9j1kJJMqT3a94w1JzVaBU4EXOSMrz9yDqMT0xt3selp83fuFMQ0uzv6qA==
